15:24:41.828 [ApplicationImpl pooled thread 149] INFO  c.b.l.BrowserStackRunExtension - testng
15:24:41.831 [ApplicationImpl pooled thread 149] INFO  com.browserstack.utils.Helpers - null
15:24:41.832 [ApplicationImpl pooled thread 149] INFO  c.b.l.BrowserStackRunExtension - Agent path: null
16:13:00.581 [ApplicationImpl pooled thread 181] INFO  c.b.l.BrowserStackRunExtension - testng
16:13:00.581 [ApplicationImpl pooled thread 181] INFO  com.browserstack.utils.Helpers - null
16:13:00.584 [ApplicationImpl pooled thread 181] INFO  c.b.l.BrowserStackRunExtension - Agent path: null
16:17:31.321 [ApplicationImpl pooled thread 193] INFO  c.b.l.BrowserStackRunExtension - testng
16:17:31.321 [ApplicationImpl pooled thread 193] INFO  com.browserstack.utils.Helpers - null
16:17:31.323 [ApplicationImpl pooled thread 193] INFO  c.b.l.BrowserStackRunExtension - Agent path: null
16:36:46.872 [ApplicationImpl pooled thread 270] INFO  c.b.l.BrowserStackRunExtension - testng
16:36:46.872 [ApplicationImpl pooled thread 270] INFO  com.browserstack.utils.Helpers - null
16:36:46.872 [ApplicationImpl pooled thread 270] INFO  com.browserstack.utils.Helpers - C:/Users/Admin/.m2/repository/com/browserstack/browserstack-java-sdk/1.10.0/browserstack-java-sdk-1.10.0.jar
16:36:46.872 [ApplicationImpl pooled thread 270] INFO  c.b.l.BrowserStackRunExtension - Agent path: C:/Users/Admin/.m2/repository/com/browserstack/browserstack-java-sdk/1.10.0/browserstack-java-sdk-1.10.0.jar
16:36:46.873 [ApplicationImpl pooled thread 270] INFO  c.b.l.BrowserStackRunExtension - Plugin version: v1.1.2
16:40:15.288 [ApplicationImpl pooled thread 277] INFO  c.b.l.BrowserStackRunExtension - cucumber java
16:40:15.288 [ApplicationImpl pooled thread 277] INFO  com.browserstack.utils.Helpers - null
16:40:15.289 [ApplicationImpl pooled thread 277] INFO  com.browserstack.utils.Helpers - C:/Users/Admin/.m2/repository/com/browserstack/browserstack-java-sdk/1.10.0/browserstack-java-sdk-1.10.0.jar
16:40:15.289 [ApplicationImpl pooled thread 277] INFO  c.b.l.BrowserStackRunExtension - Agent path: C:/Users/Admin/.m2/repository/com/browserstack/browserstack-java-sdk/1.10.0/browserstack-java-sdk-1.10.0.jar
16:40:15.289 [ApplicationImpl pooled thread 277] INFO  c.b.l.BrowserStackRunExtension - Plugin version: v1.1.2
16:59:20.806 [AWT-EventQueue-0] INFO  c.b.actions.EnableBrowserStack - Setting enable browserstack run update
16:59:20.807 [AWT-EventQueue-0] INFO  com.browserstack.utils.Helpers - C:/Users/Admin/.m2/repository/com/browserstack/browserstack-java-sdk/1.10.0/browserstack-java-sdk-1.10.0.jar
16:59:20.807 [AWT-EventQueue-0] INFO  com.browserstack.utils.Helpers - null
16:59:20.822 [AWT-EventQueue-0] INFO  c.b.actions.DisableBrowserStack - Setting disable browserstack run update
16:59:20.823 [AWT-EventQueue-0] INFO  com.browserstack.utils.Helpers - C:/Users/Admin/.m2/repository/com/browserstack/browserstack-java-sdk/1.10.0/browserstack-java-sdk-1.10.0.jar
16:59:20.823 [AWT-EventQueue-0] INFO  com.browserstack.utils.Helpers - null
17:00:51.560 [AWT-EventQueue-0] INFO  c.b.launchers.LaunchMavenCommand - Integrate source: java:intellij:v1.1.2
17:00:51.560 [AWT-EventQueue-0] INFO  c.b.launchers.LaunchMavenCommand - Executing maven archetype command - browserstack-sdk-archetype-integrate
17:00:51.620 [ApplicationImpl pooled thread 325] INFO  c.b.l.BrowserStackRunExtension - maven
17:00:51.620 [ApplicationImpl pooled thread 325] INFO  com.browserstack.utils.Helpers - null
17:01:17.120 [java.exe] INFO  c.b.launchers.LaunchMavenCommand - Completed maven archetype command
